
#------Skript started------#
./sysmaster.sh ./sysmaster.log 
From root@dev01.rkk.local at Mi 16. Mai 10:56:15 CEST 2018

Logs deleted
-> Viewlog
-> Version

#------Skript started------#
./sysmaster.sh ./sysmaster.log 
From root@dev01.rkk.local at Mi 16. Mai 12:02:04 CEST 2018

Init Signalhandler = OK
Init CHarset = OK
Dialog is installed = OK
Root Access OK
Starting GUI...

#------Skript started------#
./sysmaster.sh ./sysmaster.log 
From root@dev01.rkk.local at Mi 16. Mai 12:02:21 CEST 2018

Init Signalhandler = OK
Init CHarset = OK
Dialog is installed = OK
Root Access OK
Starting GUI...

#------Skript started------#
./sysmaster.sh ./sysmaster.log 
From root@dev01.rkk.local at Mi 16. Mai 12:02:33 CEST 2018

Init Signalhandler = OK
Init CHarset = OK
Dialog is installed = OK
Root Access OK
Starting GUI...

#------Skript started------#
./sysmaster.sh ./sysmaster.log 
From root@dev01.rkk.local at Mi 16. Mai 12:02:50 CEST 2018

Init Signalhandler = OK
Init CHarset = OK
Dialog is installed = OK
Root Access OK
Starting GUI...
